2025-06-04 20:07:29,611 INFO o.a.j.u.JMeterUtils: Setting Locale to en_EN
2025-06-04 20:07:29,635 INFO o.a.j.JMeter: Loading user properties from: C:\Users\albar\apache-jmeter-5.6.3\bin\user.properties
2025-06-04 20:07:29,636 INFO o.a.j.JMeter: Loading system properties from: C:\Users\albar\apache-jmeter-5.6.3\bin\system.properties
2025-06-04 20:07:29,648 INFO o.a.j.JMeter: Copyright (c) 1998-2024 The Apache Software Foundation
2025-06-04 20:07:29,648 INFO o.a.j.JMeter: Version 5.6.3
2025-06-04 20:07:29,648 INFO o.a.j.JMeter: java.version=24.0.1
2025-06-04 20:07:29,648 INFO o.a.j.JMeter: java.vm.name=OpenJDK 64-Bit Server VM
2025-06-04 20:07:29,648 INFO o.a.j.JMeter: os.name=Windows 11
2025-06-04 20:07:29,648 INFO o.a.j.JMeter: os.arch=amd64
2025-06-04 20:07:29,648 INFO o.a.j.JMeter: os.version=10.0
2025-06-04 20:07:29,649 INFO o.a.j.JMeter: file.encoding=UTF-8
2025-06-04 20:07:29,649 INFO o.a.j.JMeter: java.awt.headless=true
2025-06-04 20:07:29,649 INFO o.a.j.JMeter: Max memory     =1073741824
2025-06-04 20:07:29,649 INFO o.a.j.JMeter: Available Processors =8
2025-06-04 20:07:29,667 INFO o.a.j.JMeter: Default Locale=English (EN)
2025-06-04 20:07:29,668 INFO o.a.j.JMeter: JMeter  Locale=English (EN)
2025-06-04 20:07:29,668 INFO o.a.j.JMeter: JMeterHome=C:\Users\albar\apache-jmeter-5.6.3
2025-06-04 20:07:29,668 INFO o.a.j.JMeter: user.dir  =C:\Project Bootcamp\Project_performance_test_jmeter
2025-06-04 20:07:29,669 INFO o.a.j.JMeter: PWD       =C:\Project Bootcamp\Project_performance_test_jmeter
2025-06-04 20:07:29,670 INFO o.a.j.JMeter: IP: 192.168.100.12 Name: Albar FullName: Albar
2025-06-04 20:07:29,694 INFO o.a.j.JMeter: Setting property 'jmeter.reportgenerator.outputdir' to:'C:\Project Bootcamp\Project_performance_test_jmeter\bobobobo.com html report'
2025-06-04 20:07:29,698 INFO o.a.j.s.FileServer: Default base='C:\Project Bootcamp\Project_performance_test_jmeter'
2025-06-04 20:07:29,699 INFO o.a.j.s.FileServer: Set new base='C:\Project Bootcamp\Project_performance_test_jmeter'
2025-06-04 20:07:30,141 INFO o.a.j.s.SaveService: Testplan (JMX) version: 2.2. Testlog (JTL) version: 2.2
2025-06-04 20:07:30,192 INFO o.a.j.s.SaveService: Using SaveService properties version 5.0
2025-06-04 20:07:30,196 INFO o.a.j.s.SaveService: Using SaveService properties file encoding UTF-8
2025-06-04 20:07:30,201 INFO o.a.j.s.SaveService: Loading file: bobobobo.com.jmx
2025-06-04 20:07:30,285 INFO o.a.j.p.h.s.HTTPSamplerBase: Parser for text/html is org.apache.jmeter.protocol.http.parser.LagartoBasedHtmlParser
2025-06-04 20:07:30,285 INFO o.a.j.p.h.s.HTTPSamplerBase: Parser for application/xhtml+xml is org.apache.jmeter.protocol.http.parser.LagartoBasedHtmlParser
2025-06-04 20:07:30,285 INFO o.a.j.p.h.s.HTTPSamplerBase: Parser for application/xml is org.apache.jmeter.protocol.http.parser.LagartoBasedHtmlParser
2025-06-04 20:07:30,285 INFO o.a.j.p.h.s.HTTPSamplerBase: Parser for text/xml is org.apache.jmeter.protocol.http.parser.LagartoBasedHtmlParser
2025-06-04 20:07:30,285 INFO o.a.j.p.h.s.HTTPSamplerBase: Parser for text/vnd.wap.wml is org.apache.jmeter.protocol.http.parser.RegexpHTMLParser
2025-06-04 20:07:30,285 INFO o.a.j.p.h.s.HTTPSamplerBase: Parser for text/css is org.apache.jmeter.protocol.http.parser.CssParser
2025-06-04 20:07:30,323 INFO o.a.j.JMeter: Creating summariser <summary>
2025-06-04 20:07:30,328 INFO o.a.j.r.d.ReportGenerator: ReportGenerator will use for Parsing the separator: ','
2025-06-04 20:07:30,329 INFO o.a.j.r.d.ReportGenerator: Will generate report at end of test from  results file: bobobobo.com.jmx result.jtl
2025-06-04 20:07:30,329 INFO o.a.j.r.d.ReportGenerator: Reading report generator properties from: C:\Users\albar\apache-jmeter-5.6.3\bin\reportgenerator.properties
2025-06-04 20:07:30,330 INFO o.a.j.r.d.ReportGenerator: Merging with JMeter properties
2025-06-04 20:07:30,334 INFO o.a.j.r.c.ReportGeneratorConfiguration: Property 'jmeter.reportgenerator.temp_dir' not found, using default value 'temp' instead.
2025-06-04 20:07:30,339 INFO o.a.j.r.c.ReportGeneratorConfiguration: Property 'jmeter.reportgenerator.apdex_per_transaction' not found, using default value 'null' instead.
2025-06-04 20:07:30,339 INFO o.a.j.r.c.ReportGeneratorConfiguration: apdex_per_transaction is empty, not APDEX per transaction customization
2025-06-04 20:07:30,339 INFO o.a.j.r.c.ReportGeneratorConfiguration: Property 'jmeter.reportgenerator.sample_filter' not found, using default value 'null' instead.
2025-06-04 20:07:30,340 INFO o.a.j.r.c.ReportGeneratorConfiguration: Property 'jmeter.reportgenerator.report_title' not found, using default value 'null' instead.
2025-06-04 20:07:30,340 INFO o.a.j.r.c.ReportGeneratorConfiguration: Property 'jmeter.reportgenerator.start_date' not found, using default value 'null' instead.
2025-06-04 20:07:30,340 INFO o.a.j.r.c.ReportGeneratorConfiguration: Property 'jmeter.reportgenerator.end_date' not found, using default value 'null' instead.
2025-06-04 20:07:30,340 INFO o.a.j.r.c.ReportGeneratorConfiguration: Property 'jmeter.reportgenerator.date_format' not found, using default value 'null' instead.
2025-06-04 20:07:30,340 INFO o.a.j.r.c.ReportGeneratorConfiguration: Will use date range start date: null, end date: null
2025-06-04 20:07:30,345 INFO o.a.j.r.c.ReportGeneratorConfiguration: Property 'jmeter.reportgenerator.graph.totalTPS.exclude_controllers' not found, using default value 'false' instead.
2025-06-04 20:07:30,345 INFO o.a.j.r.c.ReportGeneratorConfiguration: Property 'jmeter.reportgenerator.graph.activeThreadsOverTime.exclude_controllers' not found, using default value 'false' instead.
2025-06-04 20:07:30,345 INFO o.a.j.r.c.ReportGeneratorConfiguration: Property 'jmeter.reportgenerator.graph.timeVsThreads.exclude_controllers' not found, using default value 'false' instead.
2025-06-04 20:07:30,345 INFO o.a.j.r.c.ReportGeneratorConfiguration: Property 'jmeter.reportgenerator.graph.responseTimeDistribution.exclude_controllers' not found, using default value 'false' instead.
2025-06-04 20:07:30,345 INFO o.a.j.r.c.ReportGeneratorConfiguration: Property 'jmeter.reportgenerator.graph.transactionsPerSecond.exclude_controllers' not found, using default value 'false' instead.
2025-06-04 20:07:30,345 INFO o.a.j.r.c.ReportGeneratorConfiguration: Property 'jmeter.reportgenerator.graph.responseTimePercentiles.exclude_controllers' not found, using default value 'false' instead.
2025-06-04 20:07:30,345 INFO o.a.j.r.c.ReportGeneratorConfiguration: Property 'jmeter.reportgenerator.graph.responseTimePercentilesOverTime.exclude_controllers' not found, using default value 'false' instead.
2025-06-04 20:07:30,346 INFO o.a.j.r.c.ReportGeneratorConfiguration: Property 'jmeter.reportgenerator.graph.responseTimesOverTime.exclude_controllers' not found, using default value 'false' instead.
2025-06-04 20:07:30,346 INFO o.a.j.r.c.ReportGeneratorConfiguration: Property 'jmeter.reportgenerator.graph.connectTimeOverTime.exclude_controllers' not found, using default value 'false' instead.
2025-06-04 20:07:30,346 INFO o.a.j.r.c.ReportGeneratorConfiguration: Property 'jmeter.reportgenerator.graph.latenciesOverTime.exclude_controllers' not found, using default value 'false' instead.
2025-06-04 20:07:30,347 INFO o.a.j.r.c.ReportGeneratorConfiguration: Property 'jmeter.reportgenerator.exporter.json.filters_only_sample_series' not found, using default value 'true' instead.
2025-06-04 20:07:30,347 INFO o.a.j.r.c.ReportGeneratorConfiguration: Property 'jmeter.reportgenerator.exporter.json.series_filter' not found, using default value '' instead.
2025-06-04 20:07:30,347 INFO o.a.j.r.c.ReportGeneratorConfiguration: Property 'jmeter.reportgenerator.exporter.json.show_controllers_only' not found, using default value 'false' instead.
2025-06-04 20:07:30,348 INFO o.a.j.r.c.ReportGeneratorConfiguration: Property 'jmeter.reportgenerator.exporter.html.filters_only_sample_series' not found, using default value 'true' instead.
2025-06-04 20:07:30,348 INFO o.a.j.r.c.ReportGeneratorConfiguration: Property 'jmeter.reportgenerator.exporter.html.series_filter' not found, using default value '' instead.
2025-06-04 20:07:30,348 INFO o.a.j.r.c.ReportGeneratorConfiguration: Property 'jmeter.reportgenerator.exporter.html.show_controllers_only' not found, using default value 'false' instead.
2025-06-04 20:07:30,375 INFO o.a.j.e.StandardJMeterEngine: Running the test!
2025-06-04 20:07:30,377 INFO o.a.j.s.SampleEvent: List of sample_variables: []
2025-06-04 20:07:30,377 INFO o.a.j.s.SampleEvent: List of sample_variables: []
2025-06-04 20:07:30,390 INFO o.a.j.e.u.CompoundVariable: Note: Function class names must contain the string: '.functions.'
2025-06-04 20:07:30,391 INFO o.a.j.e.u.CompoundVariable: Note: Function class names must not contain the string: '.gui.'
2025-06-04 20:07:30,499 INFO o.a.j.JMeter: Running test (1749042450499)
2025-06-04 20:07:30,522 INFO o.a.j.e.StandardJMeterEngine: Starting ThreadGroup: 1 : Thread Group
2025-06-04 20:07:30,522 INFO o.a.j.e.StandardJMeterEngine: Starting 100 threads for group Thread Group.
2025-06-04 20:07:30,522 INFO o.a.j.e.StandardJMeterEngine: Thread will continue on error
2025-06-04 20:07:30,522 INFO o.a.j.t.ThreadGroup: Starting thread group... number=1 threads=100 ramp-up=10 delayedStart=false
2025-06-04 20:07:30,531 INFO o.a.j.t.JMeterThread: Thread started: Thread Group 1-1
2025-06-04 20:07:30,568 INFO o.a.j.t.ThreadGroup: Started thread group number 1
2025-06-04 20:07:30,569 INFO o.a.j.e.StandardJMeterEngine: All thread groups have been started
2025-06-04 20:07:30,573 INFO o.a.j.p.h.s.HTTPHCAbstractImpl: Local host = Albar
2025-06-04 20:07:30,581 INFO o.a.j.p.h.s.HTTPHC4Impl: HTTP request retry count = 0
2025-06-04 20:07:30,583 INFO o.a.j.s.SampleResult: Note: Sample TimeStamps are START times
2025-06-04 20:07:30,583 INFO o.a.j.s.SampleResult: sampleresult.default.encoding is set to UTF-8
2025-06-04 20:07:30,583 INFO o.a.j.s.SampleResult: sampleresult.useNanoTime=true
2025-06-04 20:07:30,584 INFO o.a.j.s.SampleResult: sampleresult.nanoThreadSleep=5000
2025-06-04 20:07:30,628 INFO o.a.j.t.JMeterThread: Thread started: Thread Group 1-2
2025-06-04 20:07:30,727 INFO o.a.j.t.JMeterThread: Thread started: Thread Group 1-3
2025-06-04 20:07:30,828 INFO o.a.j.t.JMeterThread: Thread started: Thread Group 1-4
2025-06-04 20:07:30,926 INFO o.a.j.t.JMeterThread: Thread started: Thread Group 1-5
2025-06-04 20:07:31,026 INFO o.a.j.t.JMeterThread: Thread started: Thread Group 1-6
2025-06-04 20:07:31,082 INFO o.a.j.p.h.s.h.LazyLayeredConnectionSocketFactory: Setting up HTTPS TrustAll Socket Factory
2025-06-04 20:07:31,090 INFO o.a.j.u.JsseSSLManager: Using default SSL protocol: TLS
2025-06-04 20:07:31,090 INFO o.a.j.u.JsseSSLManager: SSL session context: per-thread
2025-06-04 20:07:31,126 INFO o.a.j.t.JMeterThread: Thread started: Thread Group 1-7
2025-06-04 20:07:31,177 INFO o.a.j.u.SSLManager: JmeterKeyStore Location:  type JKS
2025-06-04 20:07:31,183 INFO o.a.j.u.SSLManager: KeyStore created OK
2025-06-04 20:07:31,183 WARN o.a.j.u.SSLManager: Keystore file not found, loading empty keystore
2025-06-04 20:07:31,225 INFO o.a.j.t.JMeterThread: Thread started: Thread Group 1-8
2025-06-04 20:07:31,325 INFO o.a.j.t.JMeterThread: Thread started: Thread Group 1-9
2025-06-04 20:07:31,425 INFO o.a.j.t.JMeterThread: Thread started: Thread Group 1-10
2025-06-04 20:07:31,525 INFO o.a.j.t.JMeterThread: Thread started: Thread Group 1-11
2025-06-04 20:07:31,625 INFO o.a.j.t.JMeterThread: Thread started: Thread Group 1-12
2025-06-04 20:07:31,724 INFO o.a.j.t.JMeterThread: Thread started: Thread Group 1-13
2025-06-04 20:07:31,824 INFO o.a.j.t.JMeterThread: Thread started: Thread Group 1-14
2025-06-04 20:07:31,924 INFO o.a.j.t.JMeterThread: Thread started: Thread Group 1-15
2025-06-04 20:07:32,022 INFO o.a.j.t.JMeterThread: Thread started: Thread Group 1-16
2025-06-04 20:07:32,123 INFO o.a.j.t.JMeterThread: Thread started: Thread Group 1-17
2025-06-04 20:07:32,223 INFO o.a.j.t.JMeterThread: Thread started: Thread Group 1-18
2025-06-04 20:07:32,295 INFO o.a.j.r.Summariser: summary +      1 in 00:00:02 =    0.6/s Avg:  1163 Min:  1163 Max:  1163 Err:     0 (0.00%) Active: 18 Started: 18 Finished: 0
2025-06-04 20:07:32,324 INFO o.a.j.t.JMeterThread: Thread started: Thread Group 1-19
2025-06-04 20:07:32,424 INFO o.a.j.t.JMeterThread: Thread started: Thread Group 1-20
2025-06-04 20:07:32,525 INFO o.a.j.t.JMeterThread: Thread started: Thread Group 1-21
2025-06-04 20:07:32,624 INFO o.a.j.t.JMeterThread: Thread started: Thread Group 1-22
2025-06-04 20:07:32,723 INFO o.a.j.t.JMeterThread: Thread started: Thread Group 1-23
2025-06-04 20:07:32,824 INFO o.a.j.t.JMeterThread: Thread started: Thread Group 1-24
2025-06-04 20:07:32,923 INFO o.a.j.t.JMeterThread: Thread started: Thread Group 1-25
2025-06-04 20:07:33,024 INFO o.a.j.t.JMeterThread: Thread started: Thread Group 1-26
2025-06-04 20:07:33,123 INFO o.a.j.t.JMeterThread: Thread started: Thread Group 1-27
2025-06-04 20:07:33,223 INFO o.a.j.t.JMeterThread: Thread started: Thread Group 1-28
2025-06-04 20:07:33,324 INFO o.a.j.t.JMeterThread: Thread started: Thread Group 1-29
2025-06-04 20:07:33,424 INFO o.a.j.t.JMeterThread: Thread started: Thread Group 1-30
2025-06-04 20:07:33,524 INFO o.a.j.t.JMeterThread: Thread started: Thread Group 1-31
2025-06-04 20:07:33,624 INFO o.a.j.t.JMeterThread: Thread started: Thread Group 1-32
2025-06-04 20:07:33,723 INFO o.a.j.t.JMeterThread: Thread started: Thread Group 1-33
2025-06-04 20:07:33,824 INFO o.a.j.t.JMeterThread: Thread started: Thread Group 1-34
2025-06-04 20:07:33,926 INFO o.a.j.t.JMeterThread: Thread started: Thread Group 1-35
2025-06-04 20:07:34,024 INFO o.a.j.t.JMeterThread: Thread started: Thread Group 1-36
2025-06-04 20:07:34,124 INFO o.a.j.t.JMeterThread: Thread started: Thread Group 1-37
2025-06-04 20:07:34,224 INFO o.a.j.t.JMeterThread: Thread started: Thread Group 1-38
2025-06-04 20:07:34,324 INFO o.a.j.t.JMeterThread: Thread started: Thread Group 1-39
2025-06-04 20:07:34,425 INFO o.a.j.t.JMeterThread: Thread started: Thread Group 1-40
2025-06-04 20:07:34,524 INFO o.a.j.t.JMeterThread: Thread started: Thread Group 1-41
2025-06-04 20:07:34,623 INFO o.a.j.t.JMeterThread: Thread started: Thread Group 1-42
2025-06-04 20:07:34,723 INFO o.a.j.t.JMeterThread: Thread started: Thread Group 1-43
2025-06-04 20:07:34,823 INFO o.a.j.t.JMeterThread: Thread started: Thread Group 1-44
2025-06-04 20:07:34,922 INFO o.a.j.t.JMeterThread: Thread started: Thread Group 1-45
2025-06-04 20:07:35,023 INFO o.a.j.t.JMeterThread: Thread started: Thread Group 1-46
2025-06-04 20:07:35,122 INFO o.a.j.t.JMeterThread: Thread started: Thread Group 1-47
2025-06-04 20:07:35,223 INFO o.a.j.t.JMeterThread: Thread started: Thread Group 1-48
2025-06-04 20:07:35,323 INFO o.a.j.t.JMeterThread: Thread started: Thread Group 1-49
2025-06-04 20:07:35,422 INFO o.a.j.t.JMeterThread: Thread started: Thread Group 1-50
2025-06-04 20:07:35,523 INFO o.a.j.t.JMeterThread: Thread started: Thread Group 1-51
2025-06-04 20:07:35,623 INFO o.a.j.t.JMeterThread: Thread started: Thread Group 1-52
2025-06-04 20:07:35,723 INFO o.a.j.t.JMeterThread: Thread started: Thread Group 1-53
2025-06-04 20:07:35,823 INFO o.a.j.t.JMeterThread: Thread started: Thread Group 1-54
2025-06-04 20:07:35,923 INFO o.a.j.t.JMeterThread: Thread started: Thread Group 1-55
2025-06-04 20:07:36,023 INFO o.a.j.t.JMeterThread: Thread started: Thread Group 1-56
2025-06-04 20:07:36,122 INFO o.a.j.t.JMeterThread: Thread started: Thread Group 1-57
2025-06-04 20:07:36,224 INFO o.a.j.t.JMeterThread: Thread started: Thread Group 1-58
2025-06-04 20:07:36,323 INFO o.a.j.t.JMeterThread: Thread started: Thread Group 1-59
2025-06-04 20:07:36,422 INFO o.a.j.t.JMeterThread: Thread started: Thread Group 1-60
2025-06-04 20:07:36,522 INFO o.a.j.t.JMeterThread: Thread started: Thread Group 1-61
2025-06-04 20:07:36,623 INFO o.a.j.t.JMeterThread: Thread started: Thread Group 1-62
2025-06-04 20:07:36,724 INFO o.a.j.t.JMeterThread: Thread started: Thread Group 1-63
2025-06-04 20:07:36,823 INFO o.a.j.t.JMeterThread: Thread started: Thread Group 1-64
2025-06-04 20:07:36,923 INFO o.a.j.t.JMeterThread: Thread started: Thread Group 1-65
2025-06-04 20:07:37,024 INFO o.a.j.t.JMeterThread: Thread started: Thread Group 1-66
2025-06-04 20:07:37,124 INFO o.a.j.t.JMeterThread: Thread started: Thread Group 1-67
2025-06-04 20:07:37,222 INFO o.a.j.t.JMeterThread: Thread started: Thread Group 1-68
2025-06-04 20:07:37,323 INFO o.a.j.t.JMeterThread: Thread started: Thread Group 1-69
2025-06-04 20:07:37,424 INFO o.a.j.t.JMeterThread: Thread started: Thread Group 1-70
2025-06-04 20:07:37,522 INFO o.a.j.t.JMeterThread: Thread started: Thread Group 1-71
2025-06-04 20:07:37,623 INFO o.a.j.t.JMeterThread: Thread started: Thread Group 1-72
2025-06-04 20:07:37,724 INFO o.a.j.t.JMeterThread: Thread started: Thread Group 1-73
2025-06-04 20:07:37,824 INFO o.a.j.t.JMeterThread: Thread started: Thread Group 1-74
2025-06-04 20:07:37,924 INFO o.a.j.t.JMeterThread: Thread started: Thread Group 1-75
2025-06-04 20:07:38,023 INFO o.a.j.t.JMeterThread: Thread started: Thread Group 1-76
2025-06-04 20:07:38,124 INFO o.a.j.t.JMeterThread: Thread started: Thread Group 1-77
2025-06-04 20:07:38,224 INFO o.a.j.t.JMeterThread: Thread started: Thread Group 1-78
2025-06-04 20:07:38,323 INFO o.a.j.t.JMeterThread: Thread started: Thread Group 1-79
2025-06-04 20:07:38,423 INFO o.a.j.t.JMeterThread: Thread started: Thread Group 1-80
2025-06-04 20:07:38,523 INFO o.a.j.t.JMeterThread: Thread started: Thread Group 1-81
2025-06-04 20:07:38,623 INFO o.a.j.t.JMeterThread: Thread started: Thread Group 1-82
2025-06-04 20:07:38,724 INFO o.a.j.t.JMeterThread: Thread started: Thread Group 1-83
2025-06-04 20:07:38,824 INFO o.a.j.t.JMeterThread: Thread started: Thread Group 1-84
2025-06-04 20:07:38,923 INFO o.a.j.t.JMeterThread: Thread started: Thread Group 1-85
2025-06-04 20:07:39,024 INFO o.a.j.t.JMeterThread: Thread started: Thread Group 1-86
2025-06-04 20:07:39,123 INFO o.a.j.t.JMeterThread: Thread started: Thread Group 1-87
2025-06-04 20:07:39,223 INFO o.a.j.t.JMeterThread: Thread started: Thread Group 1-88
2025-06-04 20:07:39,324 INFO o.a.j.t.JMeterThread: Thread started: Thread Group 1-89
2025-06-04 20:07:39,424 INFO o.a.j.t.JMeterThread: Thread started: Thread Group 1-90
2025-06-04 20:07:39,524 INFO o.a.j.t.JMeterThread: Thread started: Thread Group 1-91
2025-06-04 20:07:39,622 INFO o.a.j.t.JMeterThread: Thread started: Thread Group 1-92
2025-06-04 20:07:39,723 INFO o.a.j.t.JMeterThread: Thread started: Thread Group 1-93
2025-06-04 20:07:39,830 INFO o.a.j.t.JMeterThread: Thread started: Thread Group 1-94
2025-06-04 20:07:39,923 INFO o.a.j.t.JMeterThread: Thread started: Thread Group 1-95
2025-06-04 20:07:40,022 INFO o.a.j.t.JMeterThread: Thread started: Thread Group 1-96
2025-06-04 20:07:40,123 INFO o.a.j.t.JMeterThread: Thread started: Thread Group 1-97
2025-06-04 20:07:40,223 INFO o.a.j.t.JMeterThread: Thread started: Thread Group 1-98
2025-06-04 20:07:40,323 INFO o.a.j.t.JMeterThread: Thread started: Thread Group 1-99
2025-06-04 20:07:40,424 INFO o.a.j.t.JMeterThread: Thread started: Thread Group 1-100
2025-06-04 20:08:00,047 INFO o.a.j.r.Summariser: summary +    363 in 00:00:28 =   13.1/s Avg:  5511 Min:   499 Max: 20092 Err:     0 (0.00%) Active: 100 Started: 100 Finished: 0
2025-06-04 20:08:00,047 INFO o.a.j.r.Summariser: summary =    364 in 00:00:30 =   12.3/s Avg:  5499 Min:   499 Max: 20092 Err:     0 (0.00%)
2025-06-04 20:08:30,229 INFO o.a.j.r.Summariser: summary +    437 in 00:00:30 =   14.5/s Avg:  6755 Min:   905 Max: 23230 Err:     0 (0.00%) Active: 100 Started: 100 Finished: 0
2025-06-04 20:08:30,229 INFO o.a.j.r.Summariser: summary =    801 in 00:01:00 =   13.4/s Avg:  6184 Min:   499 Max: 23230 Err:     0 (0.00%)
2025-06-04 20:09:00,026 INFO o.a.j.r.Summariser: summary +    436 in 00:00:30 =   14.6/s Avg:  6607 Min:   786 Max: 27984 Err:     0 (0.00%) Active: 100 Started: 100 Finished: 0
2025-06-04 20:09:00,026 INFO o.a.j.r.Summariser: summary =   1237 in 00:01:30 =   13.8/s Avg:  6333 Min:   499 Max: 27984 Err:     0 (0.00%)
2025-06-04 20:09:30,002 INFO o.a.j.r.Summariser: summary +    429 in 00:00:30 =   14.3/s Avg:  6935 Min:  1921 Max: 54881 Err:     0 (0.00%) Active: 100 Started: 100 Finished: 0
2025-06-04 20:09:30,003 INFO o.a.j.r.Summariser: summary =   1666 in 00:02:00 =   13.9/s Avg:  6488 Min:   499 Max: 54881 Err:     0 (0.00%)
2025-06-04 20:10:00,005 INFO o.a.j.r.Summariser: summary +    434 in 00:00:30 =   14.5/s Avg:  6839 Min:   982 Max: 121932 Err:     1 (0.23%) Active: 100 Started: 100 Finished: 0
2025-06-04 20:10:00,005 INFO o.a.j.r.Summariser: summary =   2100 in 00:02:30 =   14.0/s Avg:  6561 Min:   499 Max: 121932 Err:     1 (0.05%)
2025-06-04 20:10:30,056 INFO o.a.j.r.Summariser: summary +    431 in 00:00:30 =   14.3/s Avg:  6859 Min:   364 Max: 37379 Err:     0 (0.00%) Active: 100 Started: 100 Finished: 0
2025-06-04 20:10:30,056 INFO o.a.j.r.Summariser: summary =   2531 in 00:03:00 =   14.1/s Avg:  6611 Min:   364 Max: 121932 Err:     1 (0.04%)
2025-06-04 20:11:00,038 INFO o.a.j.r.Summariser: summary +    425 in 00:00:30 =   14.2/s Avg:  7069 Min:   493 Max: 120917 Err:     0 (0.00%) Active: 100 Started: 100 Finished: 0
2025-06-04 20:11:00,039 INFO o.a.j.r.Summariser: summary =   2956 in 00:03:30 =   14.1/s Avg:  6677 Min:   364 Max: 121932 Err:     1 (0.03%)
2025-06-04 20:11:30,009 INFO o.a.j.r.Summariser: summary +    426 in 00:00:30 =   14.2/s Avg:  7035 Min:   524 Max: 50413 Err:     0 (0.00%) Active: 100 Started: 100 Finished: 0
2025-06-04 20:11:30,010 INFO o.a.j.r.Summariser: summary =   3382 in 00:04:00 =   14.1/s Avg:  6722 Min:   364 Max: 121932 Err:     1 (0.03%)
2025-06-04 20:12:00,020 INFO o.a.j.r.Summariser: summary +    429 in 00:00:30 =   14.3/s Avg:  7081 Min:   501 Max: 259637 Err:     0 (0.00%) Active: 100 Started: 100 Finished: 0
2025-06-04 20:12:00,020 INFO o.a.j.r.Summariser: summary =   3811 in 00:04:30 =   14.1/s Avg:  6763 Min:   364 Max: 259637 Err:     1 (0.03%)
2025-06-04 20:12:30,036 INFO o.a.j.r.Summariser: summary +    431 in 00:00:30 =   14.4/s Avg:  7228 Min:   685 Max: 79534 Err:     0 (0.00%) Active: 100 Started: 100 Finished: 0
2025-06-04 20:12:30,037 INFO o.a.j.r.Summariser: summary =   4242 in 00:05:00 =   14.2/s Avg:  6810 Min:   364 Max: 259637 Err:     1 (0.02%)
2025-06-04 20:13:00,020 INFO o.a.j.r.Summariser: summary +    430 in 00:00:30 =   14.3/s Avg:  6765 Min:   702 Max: 49900 Err:     0 (0.00%) Active: 100 Started: 100 Finished: 0
2025-06-04 20:13:00,021 INFO o.a.j.r.Summariser: summary =   4672 in 00:05:30 =   14.2/s Avg:  6806 Min:   364 Max: 259637 Err:     1 (0.02%)
2025-06-04 20:13:30,052 INFO o.a.j.r.Summariser: summary +    424 in 00:00:30 =   14.1/s Avg:  7380 Min:   551 Max: 143861 Err:     0 (0.00%) Active: 100 Started: 100 Finished: 0
2025-06-04 20:13:30,052 INFO o.a.j.r.Summariser: summary =   5096 in 00:06:00 =   14.2/s Avg:  6854 Min:   364 Max: 259637 Err:     1 (0.02%)
2025-06-04 20:14:00,037 INFO o.a.j.r.Summariser: summary +    442 in 00:00:30 =   14.7/s Avg:  7025 Min:   734 Max: 58831 Err:     0 (0.00%) Active: 100 Started: 100 Finished: 0
2025-06-04 20:14:00,038 INFO o.a.j.r.Summariser: summary =   5538 in 00:06:30 =   14.2/s Avg:  6867 Min:   364 Max: 259637 Err:     1 (0.02%)
2025-06-04 20:14:30,003 INFO o.a.j.r.Summariser: summary +    430 in 00:00:30 =   14.4/s Avg:  6703 Min:  1545 Max: 30155 Err:     0 (0.00%) Active: 100 Started: 100 Finished: 0
2025-06-04 20:14:30,003 INFO o.a.j.r.Summariser: summary =   5968 in 00:07:00 =   14.2/s Avg:  6855 Min:   364 Max: 259637 Err:     1 (0.02%)
2025-06-04 20:15:00,022 INFO o.a.j.r.Summariser: summary +    400 in 00:00:30 =   13.3/s Avg:  7370 Min:   456 Max: 34096 Err:     0 (0.00%) Active: 100 Started: 100 Finished: 0
2025-06-04 20:15:00,023 INFO o.a.j.r.Summariser: summary =   6368 in 00:07:30 =   14.2/s Avg:  6888 Min:   364 Max: 259637 Err:     1 (0.02%)
2025-06-04 20:15:30,046 INFO o.a.j.r.Summariser: summary +    420 in 00:00:30 =   14.0/s Avg:  7157 Min:   498 Max: 63291 Err:     0 (0.00%) Active: 100 Started: 100 Finished: 0
2025-06-04 20:15:30,048 INFO o.a.j.r.Summariser: summary =   6788 in 00:08:00 =   14.2/s Avg:  6904 Min:   364 Max: 259637 Err:     1 (0.01%)
2025-06-04 20:16:00,089 INFO o.a.j.r.Summariser: summary +    425 in 00:00:30 =   14.1/s Avg:  7121 Min:   298 Max: 59787 Err:     0 (0.00%) Active: 100 Started: 100 Finished: 0
2025-06-04 20:16:00,090 INFO o.a.j.r.Summariser: summary =   7213 in 00:08:30 =   14.2/s Avg:  6917 Min:   298 Max: 259637 Err:     1 (0.01%)
2025-06-04 20:16:09,743 INFO o.a.j.t.JMeterThread: Thread is done: Thread Group 1-7
2025-06-04 20:16:09,743 INFO o.a.j.t.JMeterThread: Thread finished: Thread Group 1-7
2025-06-04 20:16:30,064 INFO o.a.j.r.Summariser: summary +    438 in 00:00:30 =   14.6/s Avg:  6952 Min:   395 Max: 76450 Err:     0 (0.00%) Active: 99 Started: 100 Finished: 1
2025-06-04 20:16:30,065 INFO o.a.j.r.Summariser: summary =   7651 in 00:09:00 =   14.2/s Avg:  6919 Min:   298 Max: 259637 Err:     1 (0.01%)
2025-06-04 20:16:33,985 INFO o.a.j.t.JMeterThread: Thread is done: Thread Group 1-49
2025-06-04 20:16:33,985 INFO o.a.j.t.JMeterThread: Thread finished: Thread Group 1-49
2025-06-04 20:16:41,360 INFO o.a.j.t.JMeterThread: Thread is done: Thread Group 1-94
2025-06-04 20:16:41,360 INFO o.a.j.t.JMeterThread: Thread finished: Thread Group 1-94
2025-06-04 20:16:56,937 INFO o.a.j.t.JMeterThread: Thread is done: Thread Group 1-30
2025-06-04 20:16:56,937 INFO o.a.j.t.JMeterThread: Thread finished: Thread Group 1-30
2025-06-04 20:16:58,666 INFO o.a.j.t.JMeterThread: Thread is done: Thread Group 1-73
2025-06-04 20:16:58,666 INFO o.a.j.t.JMeterThread: Thread finished: Thread Group 1-73
2025-06-04 20:17:00,350 INFO o.a.j.r.Summariser: summary +    431 in 00:00:30 =   14.2/s Avg:  6804 Min:   611 Max: 31544 Err:     1 (0.23%) Active: 95 Started: 100 Finished: 5
2025-06-04 20:17:00,351 INFO o.a.j.r.Summariser: summary =   8082 in 00:09:30 =   14.2/s Avg:  6913 Min:   298 Max: 259637 Err:     2 (0.02%)
2025-06-04 20:17:22,629 INFO o.a.j.t.JMeterThread: Thread is done: Thread Group 1-88
2025-06-04 20:17:22,629 INFO o.a.j.t.JMeterThread: Thread finished: Thread Group 1-88
2025-06-04 20:17:23,803 INFO o.a.j.t.JMeterThread: Thread is done: Thread Group 1-98
2025-06-04 20:17:23,804 INFO o.a.j.t.JMeterThread: Thread finished: Thread Group 1-98
2025-06-04 20:17:25,270 INFO o.a.j.t.JMeterThread: Thread is done: Thread Group 1-45
2025-06-04 20:17:25,271 INFO o.a.j.t.JMeterThread: Thread finished: Thread Group 1-45
2025-06-04 20:17:29,635 INFO o.a.j.t.JMeterThread: Thread is done: Thread Group 1-19
2025-06-04 20:17:29,635 INFO o.a.j.t.JMeterThread: Thread finished: Thread Group 1-19
2025-06-04 20:17:30,078 INFO o.a.j.r.Summariser: summary +    432 in 00:00:30 =   14.5/s Avg:  6445 Min:   413 Max: 20665 Err:     0 (0.00%) Active: 91 Started: 100 Finished: 9
2025-06-04 20:17:30,078 INFO o.a.j.r.Summariser: summary =   8514 in 00:10:00 =   14.2/s Avg:  6889 Min:   298 Max: 259637 Err:     2 (0.02%)
2025-06-04 20:17:30,744 INFO o.a.j.t.JMeterThread: Thread is done: Thread Group 1-78
2025-06-04 20:17:30,744 INFO o.a.j.t.JMeterThread: Thread finished: Thread Group 1-78
2025-06-04 20:17:31,030 INFO o.a.j.t.JMeterThread: Thread is done: Thread Group 1-29
2025-06-04 20:17:31,030 INFO o.a.j.t.JMeterThread: Thread finished: Thread Group 1-29
2025-06-04 20:17:35,498 INFO o.a.j.t.JMeterThread: Thread is done: Thread Group 1-18
2025-06-04 20:17:35,498 INFO o.a.j.t.JMeterThread: Thread finished: Thread Group 1-18
2025-06-04 20:17:37,175 INFO o.a.j.t.JMeterThread: Thread is done: Thread Group 1-64
2025-06-04 20:17:37,175 INFO o.a.j.t.JMeterThread: Thread finished: Thread Group 1-64
2025-06-04 20:17:39,200 INFO o.a.j.t.JMeterThread: Thread is done: Thread Group 1-65
2025-06-04 20:17:39,200 INFO o.a.j.t.JMeterThread: Thread finished: Thread Group 1-65
2025-06-04 20:17:45,591 INFO o.a.j.t.JMeterThread: Thread is done: Thread Group 1-82
2025-06-04 20:17:45,592 INFO o.a.j.t.JMeterThread: Thread finished: Thread Group 1-82
2025-06-04 20:17:52,143 INFO o.a.j.t.JMeterThread: Thread is done: Thread Group 1-40
2025-06-04 20:17:52,143 INFO o.a.j.t.JMeterThread: Thread finished: Thread Group 1-40
2025-06-04 20:17:53,860 INFO o.a.j.t.JMeterThread: Thread is done: Thread Group 1-13
2025-06-04 20:17:53,860 INFO o.a.j.t.JMeterThread: Thread finished: Thread Group 1-13
2025-06-04 20:17:54,114 INFO o.a.j.t.JMeterThread: Thread is done: Thread Group 1-62
2025-06-04 20:17:54,114 INFO o.a.j.t.JMeterThread: Thread finished: Thread Group 1-62
2025-06-04 20:17:57,014 INFO o.a.j.t.JMeterThread: Thread is done: Thread Group 1-15
2025-06-04 20:17:57,014 INFO o.a.j.t.JMeterThread: Thread finished: Thread Group 1-15
2025-06-04 20:17:59,501 INFO o.a.j.t.JMeterThread: Thread is done: Thread Group 1-12
2025-06-04 20:17:59,501 INFO o.a.j.t.JMeterThread: Thread finished: Thread Group 1-12
2025-06-04 20:18:00,100 INFO o.a.j.r.Summariser: summary +    437 in 00:00:30 =   14.6/s Avg:  5851 Min:   722 Max: 31221 Err:     0 (0.00%) Active: 80 Started: 100 Finished: 20
2025-06-04 20:18:00,101 INFO o.a.j.r.Summariser: summary =   8951 in 00:10:30 =   14.2/s Avg:  6839 Min:   298 Max: 259637 Err:     2 (0.02%)
2025-06-04 20:18:00,184 INFO o.a.j.t.JMeterThread: Thread is done: Thread Group 1-97
2025-06-04 20:18:00,184 INFO o.a.j.t.JMeterThread: Thread finished: Thread Group 1-97
2025-06-04 20:18:01,528 INFO o.a.j.t.JMeterThread: Thread is done: Thread Group 1-44
2025-06-04 20:18:01,529 INFO o.a.j.t.JMeterThread: Thread finished: Thread Group 1-44
2025-06-04 20:18:07,005 INFO o.a.j.t.JMeterThread: Thread is done: Thread Group 1-31
2025-06-04 20:18:07,005 INFO o.a.j.t.JMeterThread: Thread finished: Thread Group 1-31
2025-06-04 20:18:07,612 INFO o.a.j.t.JMeterThread: Thread is done: Thread Group 1-3
2025-06-04 20:18:07,612 INFO o.a.j.t.JMeterThread: Thread finished: Thread Group 1-3
2025-06-04 20:18:07,927 INFO o.a.j.t.JMeterThread: Thread is done: Thread Group 1-24
2025-06-04 20:18:07,927 INFO o.a.j.t.JMeterThread: Thread finished: Thread Group 1-24
2025-06-04 20:18:08,965 INFO o.a.j.t.JMeterThread: Thread is done: Thread Group 1-16
2025-06-04 20:18:08,965 INFO o.a.j.t.JMeterThread: Thread finished: Thread Group 1-16
2025-06-04 20:18:09,777 INFO o.a.j.t.JMeterThread: Thread is done: Thread Group 1-1
2025-06-04 20:18:09,777 INFO o.a.j.t.JMeterThread: Thread finished: Thread Group 1-1
2025-06-04 20:18:12,082 INFO o.a.j.t.JMeterThread: Thread is done: Thread Group 1-43
2025-06-04 20:18:12,082 INFO o.a.j.t.JMeterThread: Thread finished: Thread Group 1-43
2025-06-04 20:18:12,145 INFO o.a.j.t.JMeterThread: Thread is done: Thread Group 1-51
2025-06-04 20:18:12,145 INFO o.a.j.t.JMeterThread: Thread finished: Thread Group 1-51
2025-06-04 20:18:14,110 INFO o.a.j.t.JMeterThread: Thread is done: Thread Group 1-42
2025-06-04 20:18:14,110 INFO o.a.j.t.JMeterThread: Thread finished: Thread Group 1-42
2025-06-04 20:18:15,440 INFO o.a.j.t.JMeterThread: Thread is done: Thread Group 1-54
2025-06-04 20:18:15,440 INFO o.a.j.t.JMeterThread: Thread finished: Thread Group 1-54
2025-06-04 20:18:18,669 INFO o.a.j.t.JMeterThread: Thread is done: Thread Group 1-10
2025-06-04 20:18:18,669 INFO o.a.j.t.JMeterThread: Thread finished: Thread Group 1-10
2025-06-04 20:18:19,033 INFO o.a.j.t.JMeterThread: Thread is done: Thread Group 1-60
2025-06-04 20:18:19,033 INFO o.a.j.t.JMeterThread: Thread finished: Thread Group 1-60
2025-06-04 20:18:21,082 INFO o.a.j.t.JMeterThread: Thread is done: Thread Group 1-23
2025-06-04 20:18:21,082 INFO o.a.j.t.JMeterThread: Thread finished: Thread Group 1-23
2025-06-04 20:18:22,126 INFO o.a.j.t.JMeterThread: Thread is done: Thread Group 1-76
2025-06-04 20:18:22,126 INFO o.a.j.t.JMeterThread: Thread finished: Thread Group 1-76
2025-06-04 20:18:23,552 INFO o.a.j.t.JMeterThread: Thread is done: Thread Group 1-34
2025-06-04 20:18:23,553 INFO o.a.j.t.JMeterThread: Thread finished: Thread Group 1-34
2025-06-04 20:18:25,169 INFO o.a.j.t.JMeterThread: Thread is done: Thread Group 1-69
2025-06-04 20:18:25,169 INFO o.a.j.t.JMeterThread: Thread finished: Thread Group 1-69
2025-06-04 20:18:25,411 INFO o.a.j.t.JMeterThread: Thread is done: Thread Group 1-71
2025-06-04 20:18:25,413 INFO o.a.j.t.JMeterThread: Thread finished: Thread Group 1-71
2025-06-04 20:18:25,870 INFO o.a.j.t.JMeterThread: Thread is done: Thread Group 1-28
2025-06-04 20:18:25,870 INFO o.a.j.t.JMeterThread: Thread finished: Thread Group 1-28
2025-06-04 20:18:27,033 INFO o.a.j.t.JMeterThread: Thread is done: Thread Group 1-72
2025-06-04 20:18:27,033 INFO o.a.j.t.JMeterThread: Thread finished: Thread Group 1-72
2025-06-04 20:18:28,749 INFO o.a.j.t.JMeterThread: Thread is done: Thread Group 1-17
2025-06-04 20:18:28,749 INFO o.a.j.t.JMeterThread: Thread finished: Thread Group 1-17
2025-06-04 20:18:29,106 INFO o.a.j.t.JMeterThread: Thread is done: Thread Group 1-52
2025-06-04 20:18:29,106 INFO o.a.j.t.JMeterThread: Thread finished: Thread Group 1-52
2025-06-04 20:18:29,576 INFO o.a.j.t.JMeterThread: Thread is done: Thread Group 1-14
2025-06-04 20:18:29,576 INFO o.a.j.t.JMeterThread: Thread finished: Thread Group 1-14
2025-06-04 20:18:30,072 INFO o.a.j.r.Summariser: summary +    437 in 00:00:30 =   14.6/s Avg:  5045 Min:  1146 Max: 30639 Err:     0 (0.00%) Active: 57 Started: 100 Finished: 43
2025-06-04 20:18:30,072 INFO o.a.j.r.Summariser: summary =   9388 in 00:11:00 =   14.2/s Avg:  6755 Min:   298 Max: 259637 Err:     2 (0.02%)
2025-06-04 20:18:30,848 INFO o.a.j.t.JMeterThread: Thread is done: Thread Group 1-99
2025-06-04 20:18:30,848 INFO o.a.j.t.JMeterThread: Thread finished: Thread Group 1-99
2025-06-04 20:18:31,094 INFO o.a.j.t.JMeterThread: Thread is done: Thread Group 1-85
2025-06-04 20:18:31,094 INFO o.a.j.t.JMeterThread: Thread finished: Thread Group 1-85
2025-06-04 20:18:31,105 INFO o.a.j.t.JMeterThread: Thread is done: Thread Group 1-2
2025-06-04 20:18:31,105 INFO o.a.j.t.JMeterThread: Thread finished: Thread Group 1-2
2025-06-04 20:18:31,741 INFO o.a.j.t.JMeterThread: Thread is done: Thread Group 1-20
2025-06-04 20:18:31,741 INFO o.a.j.t.JMeterThread: Thread finished: Thread Group 1-20
2025-06-04 20:18:32,181 INFO o.a.j.t.JMeterThread: Thread is done: Thread Group 1-39
2025-06-04 20:18:32,181 INFO o.a.j.t.JMeterThread: Thread finished: Thread Group 1-39
2025-06-04 20:18:33,006 INFO o.a.j.t.JMeterThread: Thread is done: Thread Group 1-9
2025-06-04 20:18:33,006 INFO o.a.j.t.JMeterThread: Thread finished: Thread Group 1-9
2025-06-04 20:18:33,328 INFO o.a.j.t.JMeterThread: Thread is done: Thread Group 1-93
2025-06-04 20:18:33,328 INFO o.a.j.t.JMeterThread: Thread finished: Thread Group 1-93
2025-06-04 20:18:33,552 INFO o.a.j.t.JMeterThread: Thread is done: Thread Group 1-77
2025-06-04 20:18:33,552 INFO o.a.j.t.JMeterThread: Thread finished: Thread Group 1-77
2025-06-04 20:18:34,433 INFO o.a.j.t.JMeterThread: Thread is done: Thread Group 1-4
2025-06-04 20:18:34,434 INFO o.a.j.t.JMeterThread: Thread finished: Thread Group 1-4
2025-06-04 20:18:35,285 INFO o.a.j.t.JMeterThread: Thread is done: Thread Group 1-81
2025-06-04 20:18:35,285 INFO o.a.j.t.JMeterThread: Thread finished: Thread Group 1-81
2025-06-04 20:18:37,228 INFO o.a.j.t.JMeterThread: Thread is done: Thread Group 1-33
2025-06-04 20:18:37,228 INFO o.a.j.t.JMeterThread: Thread finished: Thread Group 1-33
2025-06-04 20:18:37,419 INFO o.a.j.t.JMeterThread: Thread is done: Thread Group 1-38
2025-06-04 20:18:37,419 INFO o.a.j.t.JMeterThread: Thread finished: Thread Group 1-38
2025-06-04 20:18:37,813 INFO o.a.j.t.JMeterThread: Thread is done: Thread Group 1-63
2025-06-04 20:18:37,813 INFO o.a.j.t.JMeterThread: Thread finished: Thread Group 1-63
2025-06-04 20:18:37,821 INFO o.a.j.t.JMeterThread: Thread is done: Thread Group 1-35
2025-06-04 20:18:37,821 INFO o.a.j.t.JMeterThread: Thread finished: Thread Group 1-35
2025-06-04 20:18:38,370 INFO o.a.j.t.JMeterThread: Thread is done: Thread Group 1-5
2025-06-04 20:18:38,370 INFO o.a.j.t.JMeterThread: Thread finished: Thread Group 1-5
2025-06-04 20:18:40,459 INFO o.a.j.t.JMeterThread: Thread is done: Thread Group 1-70
2025-06-04 20:18:40,460 INFO o.a.j.t.JMeterThread: Thread finished: Thread Group 1-70
2025-06-04 20:18:40,579 INFO o.a.j.t.JMeterThread: Thread is done: Thread Group 1-96
2025-06-04 20:18:40,580 INFO o.a.j.t.JMeterThread: Thread finished: Thread Group 1-96
2025-06-04 20:18:41,052 INFO o.a.j.t.JMeterThread: Thread is done: Thread Group 1-95
2025-06-04 20:18:41,052 INFO o.a.j.t.JMeterThread: Thread finished: Thread Group 1-95
2025-06-04 20:18:42,086 INFO o.a.j.t.JMeterThread: Thread is done: Thread Group 1-6
2025-06-04 20:18:42,086 INFO o.a.j.t.JMeterThread: Thread finished: Thread Group 1-6
2025-06-04 20:18:43,147 INFO o.a.j.t.JMeterThread: Thread is done: Thread Group 1-48
2025-06-04 20:18:43,147 INFO o.a.j.t.JMeterThread: Thread finished: Thread Group 1-48
2025-06-04 20:18:43,746 INFO o.a.j.t.JMeterThread: Thread is done: Thread Group 1-56
2025-06-04 20:18:43,746 INFO o.a.j.t.JMeterThread: Thread finished: Thread Group 1-56
2025-06-04 20:18:43,811 INFO o.a.j.t.JMeterThread: Thread is done: Thread Group 1-75
2025-06-04 20:18:43,811 INFO o.a.j.t.JMeterThread: Thread finished: Thread Group 1-75
2025-06-04 20:18:44,563 INFO o.a.j.t.JMeterThread: Thread is done: Thread Group 1-47
2025-06-04 20:18:44,563 INFO o.a.j.t.JMeterThread: Thread finished: Thread Group 1-47
2025-06-04 20:18:44,832 INFO o.a.j.t.JMeterThread: Thread is done: Thread Group 1-36
2025-06-04 20:18:44,832 INFO o.a.j.t.JMeterThread: Thread finished: Thread Group 1-36
2025-06-04 20:18:45,539 INFO o.a.j.t.JMeterThread: Thread is done: Thread Group 1-53
2025-06-04 20:18:45,539 INFO o.a.j.t.JMeterThread: Thread finished: Thread Group 1-53
2025-06-04 20:18:51,657 INFO o.a.j.t.JMeterThread: Thread is done: Thread Group 1-55
2025-06-04 20:18:51,657 INFO o.a.j.t.JMeterThread: Thread finished: Thread Group 1-55
2025-06-04 20:18:52,377 INFO o.a.j.t.JMeterThread: Thread is done: Thread Group 1-67
2025-06-04 20:18:52,377 INFO o.a.j.t.JMeterThread: Thread finished: Thread Group 1-67
2025-06-04 20:18:53,471 INFO o.a.j.t.JMeterThread: Thread is done: Thread Group 1-59
2025-06-04 20:18:53,471 INFO o.a.j.t.JMeterThread: Thread finished: Thread Group 1-59
2025-06-04 20:18:54,647 INFO o.a.j.t.JMeterThread: Thread is done: Thread Group 1-80
2025-06-04 20:18:54,647 INFO o.a.j.t.JMeterThread: Thread finished: Thread Group 1-80
2025-06-04 20:18:55,674 INFO o.a.j.t.JMeterThread: Thread is done: Thread Group 1-90
2025-06-04 20:18:55,674 INFO o.a.j.t.JMeterThread: Thread finished: Thread Group 1-90
2025-06-04 20:18:56,604 INFO o.a.j.t.JMeterThread: Thread is done: Thread Group 1-27
2025-06-04 20:18:56,604 INFO o.a.j.t.JMeterThread: Thread finished: Thread Group 1-27
2025-06-04 20:18:56,980 INFO o.a.j.t.JMeterThread: Thread is done: Thread Group 1-79
2025-06-04 20:18:56,980 INFO o.a.j.t.JMeterThread: Thread is done: Thread Group 1-32
2025-06-04 20:18:56,980 INFO o.a.j.t.JMeterThread: Thread finished: Thread Group 1-79
2025-06-04 20:18:56,980 INFO o.a.j.t.JMeterThread: Thread finished: Thread Group 1-32
2025-06-04 20:18:57,885 INFO o.a.j.t.JMeterThread: Thread is done: Thread Group 1-61
2025-06-04 20:18:57,885 INFO o.a.j.t.JMeterThread: Thread finished: Thread Group 1-61
2025-06-04 20:19:00,063 INFO o.a.j.r.Summariser: summary +    402 in 00:00:30 =   13.4/s Avg:  2995 Min:   249 Max: 37660 Err:     0 (0.00%) Active: 23 Started: 100 Finished: 77
2025-06-04 20:19:00,063 INFO o.a.j.r.Summariser: summary =   9790 in 00:11:30 =   14.2/s Avg:  6601 Min:   249 Max: 259637 Err:     2 (0.02%)
2025-06-04 20:19:00,343 INFO o.a.j.t.JMeterThread: Thread is done: Thread Group 1-86
2025-06-04 20:19:00,344 INFO o.a.j.t.JMeterThread: Thread finished: Thread Group 1-86
2025-06-04 20:19:01,093 INFO o.a.j.t.JMeterThread: Thread is done: Thread Group 1-21
2025-06-04 20:19:01,093 INFO o.a.j.t.JMeterThread: Thread finished: Thread Group 1-21
2025-06-04 20:19:02,542 INFO o.a.j.t.JMeterThread: Thread is done: Thread Group 1-84
2025-06-04 20:19:02,542 INFO o.a.j.t.JMeterThread: Thread finished: Thread Group 1-84
2025-06-04 20:19:02,584 INFO o.a.j.t.JMeterThread: Thread is done: Thread Group 1-25
2025-06-04 20:19:02,585 INFO o.a.j.t.JMeterThread: Thread finished: Thread Group 1-25
2025-06-04 20:19:02,806 INFO o.a.j.t.JMeterThread: Thread is done: Thread Group 1-87
2025-06-04 20:19:02,806 INFO o.a.j.t.JMeterThread: Thread finished: Thread Group 1-87
2025-06-04 20:19:03,403 INFO o.a.j.t.JMeterThread: Thread is done: Thread Group 1-11
2025-06-04 20:19:03,403 INFO o.a.j.t.JMeterThread: Thread finished: Thread Group 1-11
2025-06-04 20:19:04,593 INFO o.a.j.t.JMeterThread: Thread is done: Thread Group 1-89
2025-06-04 20:19:04,593 INFO o.a.j.t.JMeterThread: Thread finished: Thread Group 1-89
2025-06-04 20:19:06,823 INFO o.a.j.t.JMeterThread: Thread is done: Thread Group 1-83
2025-06-04 20:19:06,823 INFO o.a.j.t.JMeterThread: Thread finished: Thread Group 1-83
2025-06-04 20:19:07,020 INFO o.a.j.t.JMeterThread: Thread is done: Thread Group 1-74
2025-06-04 20:19:07,020 INFO o.a.j.t.JMeterThread: Thread finished: Thread Group 1-74
2025-06-04 20:19:07,073 INFO o.a.j.t.JMeterThread: Thread is done: Thread Group 1-91
2025-06-04 20:19:07,073 INFO o.a.j.t.JMeterThread: Thread finished: Thread Group 1-91
2025-06-04 20:19:08,544 INFO o.a.j.t.JMeterThread: Thread is done: Thread Group 1-22
2025-06-04 20:19:08,544 INFO o.a.j.t.JMeterThread: Thread finished: Thread Group 1-22
2025-06-04 20:19:09,003 INFO o.a.j.t.JMeterThread: Thread is done: Thread Group 1-41
2025-06-04 20:19:09,003 INFO o.a.j.t.JMeterThread: Thread finished: Thread Group 1-41
2025-06-04 20:19:09,449 INFO o.a.j.t.JMeterThread: Thread is done: Thread Group 1-58
2025-06-04 20:19:09,449 INFO o.a.j.t.JMeterThread: Thread finished: Thread Group 1-58
2025-06-04 20:19:09,502 INFO o.a.j.t.JMeterThread: Thread is done: Thread Group 1-50
2025-06-04 20:19:09,502 INFO o.a.j.t.JMeterThread: Thread finished: Thread Group 1-50
2025-06-04 20:19:09,540 INFO o.a.j.t.JMeterThread: Thread is done: Thread Group 1-8
2025-06-04 20:19:09,540 INFO o.a.j.t.JMeterThread: Thread finished: Thread Group 1-8
2025-06-04 20:19:10,670 INFO o.a.j.t.JMeterThread: Thread is done: Thread Group 1-46
2025-06-04 20:19:10,670 INFO o.a.j.t.JMeterThread: Thread finished: Thread Group 1-46
2025-06-04 20:19:10,995 INFO o.a.j.t.JMeterThread: Thread is done: Thread Group 1-37
2025-06-04 20:19:10,995 INFO o.a.j.t.JMeterThread: Thread finished: Thread Group 1-37
2025-06-04 20:19:11,581 INFO o.a.j.t.JMeterThread: Thread is done: Thread Group 1-26
2025-06-04 20:19:11,582 INFO o.a.j.t.JMeterThread: Thread finished: Thread Group 1-26
2025-06-04 20:19:13,197 INFO o.a.j.t.JMeterThread: Thread is done: Thread Group 1-100
2025-06-04 20:19:13,197 INFO o.a.j.t.JMeterThread: Thread finished: Thread Group 1-100
2025-06-04 20:19:13,477 INFO o.a.j.t.JMeterThread: Thread is done: Thread Group 1-57
2025-06-04 20:19:13,477 INFO o.a.j.t.JMeterThread: Thread finished: Thread Group 1-57
2025-06-04 20:19:16,076 INFO o.a.j.t.JMeterThread: Thread is done: Thread Group 1-68
2025-06-04 20:19:16,076 INFO o.a.j.t.JMeterThread: Thread finished: Thread Group 1-68
2025-06-04 20:19:30,024 INFO o.a.j.r.Summariser: summary +    172 in 00:00:30 =    5.7/s Avg:  2123 Min:   129 Max: 182588 Err:     0 (0.00%) Active: 2 Started: 100 Finished: 98
2025-06-04 20:19:30,025 INFO o.a.j.r.Summariser: summary =   9962 in 00:12:00 =   13.8/s Avg:  6523 Min:   129 Max: 259637 Err:     2 (0.02%)
2025-06-04 20:19:31,955 INFO o.a.j.t.JMeterThread: Thread is done: Thread Group 1-92
2025-06-04 20:19:31,955 INFO o.a.j.t.JMeterThread: Thread finished: Thread Group 1-92
2025-06-04 20:19:39,801 INFO o.a.j.t.JMeterThread: Thread is done: Thread Group 1-66
2025-06-04 20:19:39,801 INFO o.a.j.t.JMeterThread: Thread finished: Thread Group 1-66
2025-06-04 20:19:39,802 INFO o.a.j.e.StandardJMeterEngine: Notifying test listeners of end of test
2025-06-04 20:19:39,804 INFO o.a.j.r.Summariser: summary +     38 in 00:00:10 =    3.9/s Avg:  5347 Min:   106 Max: 197472 Err:     0 (0.00%) Active: 0 Started: 100 Finished: 100
2025-06-04 20:19:39,804 INFO o.a.j.r.Summariser: summary =  10000 in 00:12:09 =   13.7/s Avg:  6519 Min:   106 Max: 259637 Err:     2 (0.02%)
2025-06-04 20:19:39,808 INFO o.a.j.JMeter: Generating Dashboard
2025-06-04 20:19:39,808 INFO o.a.j.r.d.ReportGenerator: Flushing result collector before report Generation
2025-06-04 20:19:39,862 INFO o.a.j.r.p.NormalizerSampleConsumer: Using format, 'ms', to parse timeStamp field
2025-06-04 20:19:40,870 INFO o.a.j.r.p.AbstractSampleConsumer: class org.apache.jmeter.report.processor.AggregateConsumer#stopProducing(): beginDate produced 0 samples
2025-06-04 20:19:40,870 INFO o.a.j.r.p.AbstractSampleConsumer: class org.apache.jmeter.report.processor.AggregateConsumer#stopProducing(): endDate produced 0 samples
2025-06-04 20:19:40,879 INFO o.a.j.r.p.AbstractSampleConsumer: class org.apache.jmeter.report.processor.ApdexSummaryConsumer#stopProducing(): apdexSummary produced 0 samples
2025-06-04 20:19:40,879 INFO o.a.j.r.p.AbstractSampleConsumer: class org.apache.jmeter.report.processor.RequestsSummaryConsumer#stopProducing(): requestsSummary produced 0 samples
2025-06-04 20:19:40,909 INFO o.a.j.r.p.AbstractSampleConsumer: class org.apache.jmeter.report.processor.StatisticsSummaryConsumer#stopProducing(): statisticsSummary produced 0 samples
2025-06-04 20:19:40,912 INFO o.a.j.r.p.AbstractSampleConsumer: class org.apache.jmeter.report.processor.Top5ErrorsBySamplerConsumer#stopProducing(): top5ErrorsBySampler produced 0 samples
2025-06-04 20:19:40,912 INFO o.a.j.r.p.AbstractSampleConsumer: class org.apache.jmeter.report.processor.ErrorsSummaryConsumer#stopProducing(): errorsSummary produced 0 samples
2025-06-04 20:19:40,912 INFO o.a.j.r.p.AbstractSampleConsumer: class org.apache.jmeter.report.processor.graph.impl.HitsPerSecondGraphConsumer#stopProducing(): hitsPerSecond produced 0 samples
2025-06-04 20:19:41,065 INFO o.a.j.r.p.AbstractSampleConsumer: class org.apache.jmeter.report.processor.graph.impl.LatencyVSRequestGraphConsumer#stopProducing(): latencyVsRequest produced 0 samples
2025-06-04 20:19:41,066 INFO o.a.j.r.p.AbstractSampleConsumer: class org.apache.jmeter.report.processor.graph.impl.SyntheticResponseTimeDistributionGraphConsumer#stopProducing(): syntheticResponseTimeDistribution produced 0 samples
2025-06-04 20:19:41,067 INFO o.a.j.r.p.AbstractSampleConsumer: class org.apache.jmeter.report.processor.graph.impl.BytesThroughputGraphConsumer#stopProducing(): bytesThroughputOverTime produced 0 samples
2025-06-04 20:19:41,068 INFO o.a.j.r.p.AbstractSampleConsumer: class org.apache.jmeter.report.processor.graph.impl.CodesPerSecondGraphConsumer#stopProducing(): codesPerSecond produced 0 samples
2025-06-04 20:19:41,172 INFO o.a.j.r.p.AbstractSampleConsumer: class org.apache.jmeter.report.processor.graph.impl.ResponseTimeVSRequestGraphConsumer#stopProducing(): responseTimeVsRequest produced 0 samples
2025-06-04 20:19:41,173 INFO o.a.j.r.p.AbstractSampleConsumer: class org.apache.jmeter.report.processor.FilterConsumer#stopProducing(): startIntervalControlerFilter produced 70000 samples
2025-06-04 20:19:41,173 INFO o.a.j.r.p.AbstractSampleConsumer: class org.apache.jmeter.report.processor.graph.impl.TotalTPSGraphConsumer#stopProducing(): totalTPS produced 0 samples
2025-06-04 20:19:41,174 INFO o.a.j.r.p.AbstractSampleConsumer: class org.apache.jmeter.report.processor.graph.impl.ActiveThreadsGraphConsumer#stopProducing(): activeThreadsOverTime produced 0 samples
2025-06-04 20:19:41,174 INFO o.a.j.r.p.AbstractSampleConsumer: class org.apache.jmeter.report.processor.graph.impl.TimeVSThreadGraphConsumer#stopProducing(): timeVsThreads produced 0 samples
2025-06-04 20:19:41,174 INFO o.a.j.r.p.AbstractSampleConsumer: class org.apache.jmeter.report.processor.graph.impl.ResponseTimeDistributionGraphConsumer#stopProducing(): responseTimeDistribution produced 0 samples
2025-06-04 20:19:41,174 INFO o.a.j.r.p.AbstractSampleConsumer: class org.apache.jmeter.report.processor.graph.impl.TransactionsPerSecondGraphConsumer#stopProducing(): transactionsPerSecond produced 0 samples
2025-06-04 20:19:41,174 INFO o.a.j.r.p.AbstractSampleConsumer: class org.apache.jmeter.report.processor.graph.impl.ResponseTimePercentilesGraphConsumer#stopProducing(): responseTimePercentiles produced 0 samples
2025-06-04 20:19:41,187 INFO o.a.j.r.p.AbstractSampleConsumer: class org.apache.jmeter.report.processor.graph.impl.ResponseTimePercentilesOverTimeGraphConsumer#stopProducing(): responseTimePercentilesOverTime produced 0 samples
2025-06-04 20:19:41,188 INFO o.a.j.r.p.AbstractSampleConsumer: class org.apache.jmeter.report.processor.graph.impl.ResponseTimeOverTimeGraphConsumer#stopProducing(): responseTimesOverTime produced 0 samples
2025-06-04 20:19:41,188 INFO o.a.j.r.p.AbstractSampleConsumer: class org.apache.jmeter.report.processor.graph.impl.ConnectTimeOverTimeGraphConsumer#stopProducing(): connectTimeOverTime produced 0 samples
2025-06-04 20:19:41,188 INFO o.a.j.r.p.AbstractSampleConsumer: class org.apache.jmeter.report.processor.graph.impl.LatencyOverTimeGraphConsumer#stopProducing(): latenciesOverTime produced 0 samples
2025-06-04 20:19:41,188 INFO o.a.j.r.p.AbstractSampleConsumer: class org.apache.jmeter.report.processor.FilterConsumer#stopProducing(): nameFilter produced 150000 samples
2025-06-04 20:19:41,188 INFO o.a.j.r.p.AbstractSampleConsumer: class org.apache.jmeter.report.processor.FilterConsumer#stopProducing(): dateRangeFilter produced 30000 samples
2025-06-04 20:19:41,188 INFO o.a.j.r.p.AbstractSampleConsumer: class org.apache.jmeter.report.processor.NormalizerSampleConsumer#stopProducing(): normalizer produced 10000 samples
2025-06-04 20:19:41,191 INFO o.a.j.r.p.CsvFileSampleSource: produce(): 10000 samples produced in 1s 259 ms on channel 0
2025-06-04 20:19:41,191 INFO o.a.j.r.d.ReportGenerator: Exporting data using exporter:'json' of className:'org.apache.jmeter.report.dashboard.JsonExporter'
2025-06-04 20:19:41,298 INFO o.a.j.r.d.JsonExporter: Found data for consumer statisticsSummaryin context
2025-06-04 20:19:41,298 INFO o.a.j.r.d.JsonExporter: Creating statistics for overall
2025-06-04 20:19:41,299 INFO o.a.j.r.d.JsonExporter: Creating statistics for other transactions
2025-06-04 20:19:41,300 INFO o.a.j.r.d.JsonExporter: Checking output folder
2025-06-04 20:19:41,300 INFO o.a.j.r.d.JsonExporter: Writing statistics JSON to C:\Project Bootcamp\Project_performance_test_jmeter\bobobobo.com html report\statistics.json
2025-06-04 20:19:41,393 INFO o.a.j.r.d.ReportGenerator: Exporting data using exporter:'html' of className:'org.apache.jmeter.report.dashboard.HtmlTemplateExporter'
2025-06-04 20:19:41,397 INFO o.a.j.r.d.HtmlTemplateExporter: Will generate dashboard in folder: C:\Project Bootcamp\Project_performance_test_jmeter\bobobobo.com html report
2025-06-04 20:19:41,558 INFO o.a.j.r.d.HtmlTemplateExporter: Report will be generated in: C:\Project Bootcamp\Project_performance_test_jmeter\bobobobo.com html report, creating folder structure
2025-06-04 20:19:41,562 INFO o.a.j.r.d.TemplateVisitor: Copying folder from 'C:\Users\albar\apache-jmeter-5.6.3\bin\report-template' to 'C:\Project Bootcamp\Project_performance_test_jmeter\bobobobo.com html report', got message: C:\Project Bootcamp\Project_performance_test_jmeter\bobobobo.com html report, found non empty folder with following content [C:\Project Bootcamp\Project_performance_test_jmeter\bobobobo.com html report\statistics.json], will be ignored
2025-06-04 20:19:42,335 INFO o.a.j.JMeter: Dashboard generated
